Time resolution is 1 ps
ERROR @               250000 0 0 1 [0 1] != [0 0]
ERROR @               350000 0 1 0 [0 1] != [0 0]
ERROR @               450000 0 1 1 [1 0] != [0 0]
ERROR @               550000 1 0 0 [0 1] != [0 0]
ERROR @               650000 1 0 1 [1 0] != [0 0]
ERROR @               750000 1 1 0 [1 0] != [0 0]
ERROR @               850000 1 1 1 [1 1] != [0 0]
ERROR @              1050000 0 0 1 [0 1] != [0 0]
ERROR @              1150000 0 1 0 [0 1] != [0 0]
ERROR @              1250000 0 1 1 [1 0] != [0 0]
ERROR @              1350000 1 0 0 [0 1] != [0 0]
ERROR @              1450000 1 0 1 [1 0] != [0 0]
ERROR @              1550000 1 1 0 [1 0] != [0 0]
ERROR @              1650000 1 1 1 [1 1] != [0 0]
$finish called at time : 1800 ns : File "D:/Workspace/digisys-2022s-priv/vivado/week05/hw01/hw01.srcs/sim_1/new/fadd1_tb.v" Line 29
ERROR @               250000 0 0 1 [0 1] != [0 0]
ERROR @               350000 0 1 0 [0 1] != [0 0]
ERROR @               450000 0 1 1 [1 0] != [0 0]
ERROR @               550000 1 0 0 [0 1] != [0 0]
ERROR @               650000 1 0 1 [1 0] != [0 0]
ERROR @               750000 1 1 0 [1 0] != [0 0]
ERROR @               850000 1 1 1 [1 1] != [0 0]
ERROR @              1050000 0 0 1 [0 1] != [0 0]
ERROR @              1150000 0 1 0 [0 1] != [0 0]
ERROR @              1250000 0 1 1 [1 0] != [0 0]
ERROR @              1350000 1 0 0 [0 1] != [0 0]
ERROR @              1450000 1 0 1 [1 0] != [0 0]
ERROR @              1550000 1 1 0 [1 0] != [0 0]
ERROR @              1650000 1 1 1 [1 1] != [0 0]
$finish called at time : 1800 ns : File "D:/Workspace/digisys-2022s-priv/vivado/week05/hw01/hw01.srcs/sim_1/new/fadd1_tb.v" Line 29
