Vivado Simulator v2021.2
Copyright 1986-1999, 2001-2021 Xilinx, Inc. All Rights Reserved.
Running: C:/Xilinx/Vivado/2021.2/bin/unwrapped/win64.o/xelab.exe --incr --debug typical --relax --mt 2 -L xil_defaultlib -L unisims_ver -L unimacro_ver -L secureip --snapshot hw03_tb_behav xil_defaultlib.hw03_tb xil_defaultlib.glbl -log elaborate.log 
Using 2 slave threads.
Starting static elaboration
Pass Through NonSizing Optimizer
Completed static elaboration
Starting simulation data flow analysis
Completed simulation data flow analysis
Time Resolution for simulation is 1ps
Compiling module xil_defaultlib.hw03_gl
Compiling module xil_defaultlib.hw03_df
Compiling module unisims_ver.x_lut2_mux4
Compiling module unisims_ver.LUT2
Compiling module unisims_ver.AND2
Compiling module unisims_ver.OR2
Compiling module unisims_ver.INV
Compiling module xil_defaultlib.hw03_gl_syn
Compiling module xil_defaultlib.hw03_tb
Compiling module xil_defaultlib.glbl
Built simulation snapshot hw03_tb_behav
